[2026-03-01 10:46:15,062] INFO - zomato_ml_logger - Training of Dataset has started....
[2026-03-01 10:46:15,264] INFO - zomato_ml_logger - Splitting of Training Dataset has started....
[2026-03-01 10:46:24,891] INFO - zomato_ml_logger - Linear Regression Model Started....
[2026-03-01 10:46:51,913] INFO - zomato_ml_logger - Linear Regression Model Completed....
[2026-03-01 10:46:51,914] INFO - zomato_ml_logger - L2 Regression Model Started....
[2026-03-01 10:48:10,824] INFO - zomato_ml_logger - L2 Regression Model Completed....
[2026-03-01 10:48:10,825] INFO - zomato_ml_logger - L1 Regression Model Started....
[2026-03-01 10:49:22,184] INFO - zomato_ml_logger - L1 Regression Model Completed....
[2026-03-01 10:49:22,185] INFO - zomato_ml_logger - Decision Tree Regression Model Started....
[2026-03-01 10:52:35,838] INFO - zomato_ml_logger - Decision Tree Regression Model Completed....
[2026-03-01 10:52:35,838] INFO - zomato_ml_logger - Random Forest Regression Model Started....
[2026-03-01 10:54:14,283] INFO - zomato_ml_logger - Random Forest Regression Model Completed....
[2026-03-01 10:54:14,283] INFO - zomato_ml_logger - XGBoost Regression Model Started....
[2026-03-01 10:55:13,586] INFO - zomato_ml_logger - XGBoost Regression Model Completed....
[2026-03-01 10:55:13,586] INFO - zomato_ml_logger - Selection of Best Regression Model In Progress....
[2026-03-01 10:55:13,587] INFO - zomato_ml_logger - Selection of Best Regression Model Completed....
[2026-03-01 10:55:25,666] INFO - zomato_ml_logger - Model Pkl File Exported Successfully!
[2026-03-01 10:55:25,666] INFO - zomato_ml_logger - Training Pipeline Completed....
[2026-03-01 13:47:22,892] INFO - zomato_ml_logger - Training of Dataset has started....
[2026-03-01 13:47:23,116] INFO - zomato_ml_logger - Splitting of Training Dataset has started....
[2026-03-01 13:47:34,360] INFO - zomato_ml_logger - Linear Regression Model Started....
[2026-03-01 13:48:04,661] INFO - zomato_ml_logger - Linear Regression Model Completed....
[2026-03-01 13:48:04,661] INFO - zomato_ml_logger - L2 Regression Model Started....
[2026-03-01 13:49:24,319] INFO - zomato_ml_logger - L2 Regression Model Completed....
[2026-03-01 13:49:24,320] INFO - zomato_ml_logger - L1 Regression Model Started....
[2026-03-01 13:50:44,056] INFO - zomato_ml_logger - L1 Regression Model Completed....
[2026-03-01 13:50:44,058] INFO - zomato_ml_logger - Decision Tree Regression Model Started....
[2026-03-01 13:53:59,517] INFO - zomato_ml_logger - Decision Tree Regression Model Completed....
[2026-03-01 13:53:59,517] INFO - zomato_ml_logger - Random Forest Regression Model Started....
[2026-03-01 13:55:39,295] INFO - zomato_ml_logger - Random Forest Regression Model Completed....
[2026-03-01 13:55:39,295] INFO - zomato_ml_logger - XGBoost Regression Model Started....
[2026-03-01 13:56:38,631] INFO - zomato_ml_logger - XGBoost Regression Model Completed....
[2026-03-01 13:56:38,633] INFO - zomato_ml_logger - Selection of Best Regression Model In Progress....
[2026-03-01 13:56:38,634] INFO - zomato_ml_logger - Selection of Best Regression Model Completed....
[2026-03-01 13:56:50,192] INFO - zomato_ml_logger - Model Pkl File Exported Successfully!
[2026-03-01 13:56:50,193] INFO - zomato_ml_logger - Training Pipeline Completed....
[2026-03-01 14:16:12,645] INFO - zomato_ml_logger - Training of Dataset has started....
[2026-03-01 14:16:12,885] INFO - zomato_ml_logger - Splitting of Training Dataset has started....
[2026-03-01 14:16:24,422] INFO - zomato_ml_logger - Linear Regression Model Started....
[2026-03-01 14:16:53,255] INFO - zomato_ml_logger - Linear Regression Model Completed....
[2026-03-01 14:16:53,255] INFO - zomato_ml_logger - L2 Regression Model Started....
[2026-03-01 14:18:22,796] INFO - zomato_ml_logger - L2 Regression Model Completed....
[2026-03-01 14:18:22,796] INFO - zomato_ml_logger - L1 Regression Model Started....
[2026-03-01 14:19:43,299] INFO - zomato_ml_logger - L1 Regression Model Completed....
[2026-03-01 14:19:43,299] INFO - zomato_ml_logger - Decision Tree Regression Model Started....
[2026-03-01 14:23:18,458] INFO - zomato_ml_logger - Decision Tree Regression Model Completed....
[2026-03-01 14:23:18,458] INFO - zomato_ml_logger - Random Forest Regression Model Started....
[2026-03-01 14:25:06,321] INFO - zomato_ml_logger - Random Forest Regression Model Completed....
[2026-03-01 14:25:06,321] INFO - zomato_ml_logger - XGBoost Regression Model Started....
[2026-03-01 14:26:12,043] INFO - zomato_ml_logger - XGBoost Regression Model Completed....
[2026-03-01 14:26:12,044] INFO - zomato_ml_logger - Selection of Best Regression Model In Progress....
[2026-03-01 14:26:12,046] INFO - zomato_ml_logger - Selection of Best Regression Model Completed....
[2026-03-01 14:26:25,016] INFO - zomato_ml_logger - Model Pkl File Exported Successfully!
[2026-03-01 14:26:25,016] INFO - zomato_ml_logger - Training Pipeline Completed....
